Arguments: 
  /Users/sooho/.config/.nvm/versions/node/v16.14.0/bin/node /opt/homebrew/Cellar/yarn/1.22.18/libexec/bin/yarn.js init

PATH: 
  /Users/sooho/.config/.nvm/versions/node/v16.14.0/bin:/Users/sooho/Library/Python/3.8/bin:/usr/local/bin:/Users/sooho/.config/.nvm/versions/node/v16.14.0/bin:/usr/sbin:/bin:/Users/sooho/.fig/bin:/usr/bin:/Users/sooho/.local/bin:/opt/homebrew/bin:/Users/sooho/.jetbrains/bin:/sbin:

Yarn version: 
  1.22.18

Node version: 
  16.14.0

Platform: 
  darwin arm64

Trace: 
  Error: canceled
      at Interface.<anonymous> (/opt/homebrew/Cellar/yarn/1.22.18/libexec/lib/cli.js:137143:13)
      at Interface.emit (node:events:520:28)
      at Interface._ttyWrite (node:readline:1081:16)
      at ReadStream.onkeypress (node:readline:288:10)
      at ReadStream.emit (node:events:520:28)
      at emitKeys (node:internal/readline/utils:358:14)
      at emitKeys.next (<anonymous>)
      at ReadStream.onData (node:internal/readline/emitKeypressEvents:61:36)
      at ReadStream.emit (node:events:520:28)
      at addChunk (node:internal/streams/readable:315:12)

npm manifest: 
  No manifest

yarn manifest: 
  No manifest

Lockfile: 
  # THIS IS AN AUTOGENERATED FILE. DO NOT EDIT THIS FILE DIRECTLY.
  # yarn lockfile v1
